<?xml version="1.0" encoding="UTF-8"?>
<testsuite xmlns:xsi="http://www.w3.org/2001/XMLSchema-instance" xsi:noNamespaceSchemaLocation="https://maven.apache.org/surefire/maven-surefire-plugin/xsd/surefire-test-report-3.0.xsd" version="3.0" name="com.cis4000.examify.ExamifyApplicationTests" time="2.567" tests="1" errors="0" skipped="0" failures="0">
  <properties>
[...]
</properties>
  <testcase name="contextLoads" classname="com.cis4000.examify.ExamifyApplicationTests" time="0.698">
    <system-out><![CDATA[15:11:04.660 [main] INFO org.springframework.test.context.support.AnnotationConfigContextLoaderUtils -- Could not detect default configuration classes for test class [com.cis4000.examify.ExamifyApplicationTests]: ExamifyApplicationTests does not declare any static, non-private, non-final, nested classes annotated with @Configuration.
15:11:04.773 [main] INFO org.springframework.boot.test.context.SpringBootTestContextBootstrapper -- Found @SpringBootConfiguration com.cis4000.examify.ExamifyApplication for test class com.cis4000.examify.ExamifyApplicationTests

  .   ____          _            __ _ _
 /\\ / ___'_ __ _ _(_)_ __  __ _ \ \ \ \
( ( )\___ | '_ | '_| | '_ \/ _` | \ \ \ \
 \\/  ___)| |_)| | | | | || (_| |  ) ) ) )
  '  |____| .__|_| |_|_| |_\__, | / / / /
 =========|_|==============|___/=/_/_/_/

 :: Spring Boot ::                (v3.3.5)

2024-11-12T15:11:05.243-05:00  INFO 10244 --- [examify] [           main] c.c.examify.ExamifyApplicationTests      : Starting ExamifyApplicationTests using Java 22.0.1 with PID 10244 (started by USER in C:\Users\USER\OneDrive\Desktop\CIS4000\Examify\backend)
2024-11-12T15:11:05.243-05:00  INFO 10244 --- [examify] [           main] c.c.examify.ExamifyApplicationTests      : No active profile set, falling back to 1 default profile: "default"
2024-11-12T15:11:06.306-05:00  INFO 10244 --- [examify] [           main] c.c.examify.ExamifyApplicationTests      : Started ExamifyApplicationTests in 1.408 seconds (process running for 2.33)
]]></system-out>
    <system-err><![CDATA[WARNING: A Java agent has been loaded dynamically (C:\Users\USER\.m2\repository\net\bytebuddy\byte-buddy-agent\1.14.19\byte-buddy-agent-1.14.19.jar)
WARNING: If a serviceability tool is in use, please run with -XX:+EnableDynamicAgentLoading to hide this warning
WARNING: If a serviceability tool is not in use, please run with -Djdk.instrument.traceUsage for more information
WARNING: Dynamic loading of agents will be disallowed by default in a future release
]]></system-err>
  </testcase>
</testsuite>